  assignment02.cpp
c:\users\kenyon b\source\repos\kenshen112\stack\assignment02\assignment02\assignment02.cpp(197): warning C4290: C++ exception specification ignored except to indicate a function is not __declspec(nothrow)
c:\users\kenyon b\source\repos\kenshen112\stack\assignment02\assignment02\stack.h(44): warning C4101: 'er': unreferenced local variable
  c:\users\kenyon b\source\repos\kenshen112\stack\assignment02\assignment02\stack.h(31): note: while compiling class template member function 'custom::stack<std::string>::stack(const custom::stack<std::string> &)'
  c:\users\kenyon b\source\repos\kenshen112\stack\assignment02\assignment02\assignment02.cpp(245): note: see reference to function template instantiation 'custom::stack<std::string>::stack(const custom::stack<std::string> &)' being compiled
  c:\users\kenyon b\source\repos\kenshen112\stack\assignment02\assignment02\assignment02.cpp(231): note: see reference to class template instantiation 'custom::stack<std::string>' being compiled
c:\users\kenyon b\source\repos\kenshen112\stack\assignment02\assignment02\stack.h(122): error C3861: 'c_str': identifier not found
  c:\users\kenyon b\source\repos\kenshen112\stack\assignment02\assignment02\stack.h(122): note: 'c_str': function was not declared in the template definition context and can be found only via argument-dependent lookup in the instantiation context
  c:\users\kenyon b\source\repos\kenshen112\stack\assignment02\assignment02\stack.h(121): note: while compiling class template member function 'void custom::stack<int>::push(const T &)'
          with
          [
              T=int
          ]
  c:\users\kenyon b\source\repos\kenshen112\stack\assignment02\assignment02\assignment02.cpp(160): note: see reference to function template instantiation 'void custom::stack<int>::push(const T &)' being compiled
          with
          [
              T=int
          ]
  c:\users\kenyon b\source\repos\kenshen112\stack\assignment02\assignment02\assignment02.cpp(149): note: see reference to class template instantiation 'custom::stack<int>' being compiled
  infix.cpp
  Generating Code...
